{"/Users/lindadaignault/Documents/coding/career/portfolio-projects/courtside-counter/backend/DBManager.js": {"path":"/Users/lindadaignault/Documents/coding/career/portfolio-projects/courtside-counter/backend/DBManager.js","statementMap":{"0":{"start":{"line":1,"column":24},"end":{"line":1,"column":42}},"1":{"start":{"line":2,"column":30},"end":{"line":2,"column":62}},"2":{"start":{"line":5,"column":0},"end":{"line":5,"column":23}},"3":{"start":{"line":8,"column":20},"end":{"line":8,"column":47}},"4":{"start":{"line":12,"column":4},"end":{"line":12,"column":19}},"5":{"start":{"line":13,"column":4},"end":{"line":18,"column":7}},"6":{"start":{"line":19,"column":4},"end":{"line":19,"column":27}},"7":{"start":{"line":23,"column":16},"end":{"line":23,"column":55}},"8":{"start":{"line":24,"column":4},"end":{"line":24,"column":80}},"9":{"start":{"line":25,"column":4},"end":{"line":25,"column":64}},"10":{"start":{"line":29,"column":4},"end":{"line":29,"column":28}},"11":{"start":{"line":30,"column":4},"end":{"line":30,"column":30}},"12":{"start":{"line":34,"column":4},"end":{"line":34,"column":79}},"13":{"start":{"line":34,"column":44},"end":{"line":34,"column":76}},"14":{"start":{"line":38,"column":0},"end":{"line":38,"column":27}}},"fnMap":{"0":{"name":"(anonymous_0)","decl":{"start":{"line":11,"column":2},"end":{"line":11,"column":3}},"loc":{"start":{"line":11,"column":28},"end":{"line":20,"column":3}},"line":11},"1":{"name":"(anonymous_1)","decl":{"start":{"line":22,"column":2},"end":{"line":22,"column":3}},"loc":{"start":{"line":22,"column":16},"end":{"line":26,"column":3}},"line":22},"2":{"name":"(anonymous_2)","decl":{"start":{"line":28,"column":2},"end":{"line":28,"column":3}},"loc":{"start":{"line":28,"column":9},"end":{"line":31,"column":3}},"line":28},"3":{"name":"(anonymous_3)","decl":{"start":{"line":33,"column":2},"end":{"line":33,"column":3}},"loc":{"start":{"line":33,"column":12},"end":{"line":35,"column":3}},"line":33},"4":{"name":"(anonymous_4)","decl":{"start":{"line":34,"column":39},"end":{"line":34,"column":40}},"loc":{"start":{"line":34,"column":44},"end":{"line":34,"column":76}},"line":34}},"branchMap":{},"s":{"0":1,"1":1,"2":1,"3":1,"4":1,"5":1,"6":1,"7":1,"8":1,"9":1,"10":1,"11":1,"12":0,"13":0,"14":1},"f":{"0":1,"1":1,"2":1,"3":0,"4":0},"b":{},"_coverageSchema":"43e27e138ebf9cfc5966b082cf9a028302ed4184","hash":"096b856b0aa1bd27010e5c3edea0dc81fe51bd40"}
,"/Users/lindadaignault/Documents/coding/career/portfolio-projects/courtside-counter/backend/app.js": {"path":"/Users/lindadaignault/Documents/coding/career/portfolio-projects/courtside-counter/backend/app.js","statementMap":{"0":{"start":{"line":3,"column":16},"end":{"line":3,"column":34}},"1":{"start":{"line":4,"column":12},"end":{"line":4,"column":21}},"2":{"start":{"line":5,"column":13},"end":{"line":5,"column":28}},"3":{"start":{"line":6,"column":22},"end":{"line":6,"column":40}},"4":{"start":{"line":7,"column":12},"end":{"line":7,"column":35}},"5":{"start":{"line":8,"column":19},"end":{"line":8,"column":39}},"6":{"start":{"line":9,"column":54},"end":{"line":9,"column":73}},"7":{"start":{"line":10,"column":29},"end":{"line":10,"column":69}},"8":{"start":{"line":11,"column":27},"end":{"line":11,"column":69}},"9":{"start":{"line":12,"column":52},"end":{"line":12,"column":71}},"10":{"start":{"line":13,"column":31},"end":{"line":13,"column":67}},"11":{"start":{"line":14,"column":13},"end":{"line":14,"column":33}},"12":{"start":{"line":15,"column":15},"end":{"line":15,"column":32}},"13":{"start":{"line":16,"column":33},"end":{"line":16,"column":52}},"14":{"start":{"line":17,"column":18},"end":{"line":17,"column":27}},"15":{"start":{"line":18,"column":19},"end":{"line":18,"column":30}},"16":{"start":{"line":19,"column":18},"end":{"line":19,"column":27}},"17":{"start":{"line":20,"column":19},"end":{"line":20,"column":30}},"18":{"start":{"line":22,"column":0},"end":{"line":22,"column":24}},"19":{"start":{"line":23,"column":0},"end":{"line":23,"column":16}},"20":{"start":{"line":24,"column":0},"end":{"line":24,"column":24}},"21":{"start":{"line":31,"column":14},"end":{"line":33,"column":2}},"22":{"start":{"line":43,"column":0},"end":{"line":53,"column":3}},"23":{"start":{"line":44,"column":2},"end":{"line":52,"column":3}},"24":{"start":{"line":45,"column":17},"end":{"line":48,"column":16}},"25":{"start":{"line":49,"column":4},"end":{"line":49,"column":28}},"26":{"start":{"line":51,"column":4},"end":{"line":51,"column":14}},"27":{"start":{"line":58,"column":0},"end":{"line":68,"column":3}},"28":{"start":{"line":59,"column":2},"end":{"line":67,"column":3}},"29":{"start":{"line":60,"column":17},"end":{"line":63,"column":16}},"30":{"start":{"line":64,"column":4},"end":{"line":64,"column":28}},"31":{"start":{"line":66,"column":4},"end":{"line":66,"column":14}},"32":{"start":{"line":77,"column":0},"end":{"line":117,"column":3}},"33":{"start":{"line":79,"column":17},"end":{"line":84,"column":3}},"34":{"start":{"line":87,"column":4},"end":{"line":90,"column":30}},"35":{"start":{"line":91,"column":15},"end":{"line":91,"column":23}},"36":{"start":{"line":92,"column":20},"end":{"line":94,"column":46}},"37":{"start":{"line":96,"column":2},"end":{"line":103,"column":3}},"38":{"start":{"line":97,"column":20},"end":{"line":97,"column":66}},"39":{"start":{"line":98,"column":4},"end":{"line":98,"column":56}},"40":{"start":{"line":99,"column":4},"end":{"line":102,"column":7}},"41":{"start":{"line":104,"column":2},"end":{"line":116,"column":3}},"42":{"start":{"line":106,"column":20},"end":{"line":106,"column":76}},"43":{"start":{"line":107,"column":4},"end":{"line":107,"column":59}},"44":{"start":{"line":108,"column":4},"end":{"line":112,"column":7}},"45":{"start":{"line":114,"column":14},"end":{"line":114,"column":40}},"46":{"start":{"line":115,"column":4},"end":{"line":115,"column":14}},"47":{"start":{"line":123,"column":0},"end":{"line":134,"column":3}},"48":{"start":{"line":124,"column":2},"end":{"line":133,"column":3}},"49":{"start":{"line":125,"column":22},"end":{"line":125,"column":36}},"50":{"start":{"line":126,"column":4},"end":{"line":126,"column":78}},"51":{"start":{"line":127,"column":4},"end":{"line":130,"column":7}},"52":{"start":{"line":132,"column":4},"end":{"line":132,"column":14}},"53":{"start":{"line":140,"column":0},"end":{"line":151,"column":3}},"54":{"start":{"line":141,"column":2},"end":{"line":150,"column":3}},"55":{"start":{"line":142,"column":22},"end":{"line":142,"column":36}},"56":{"start":{"line":143,"column":4},"end":{"line":143,"column":74}},"57":{"start":{"line":144,"column":4},"end":{"line":147,"column":7}},"58":{"start":{"line":149,"column":4},"end":{"line":149,"column":14}},"59":{"start":{"line":157,"column":0},"end":{"line":164,"column":3}},"60":{"start":{"line":158,"column":2},"end":{"line":163,"column":3}},"61":{"start":{"line":159,"column":22},"end":{"line":159,"column":60}},"62":{"start":{"line":160,"column":4},"end":{"line":160,"column":44}},"63":{"start":{"line":162,"column":4},"end":{"line":162,"column":14}},"64":{"start":{"line":172,"column":0},"end":{"line":194,"column":3}},"65":{"start":{"line":177,"column":2},"end":{"line":193,"column":3}},"66":{"start":{"line":178,"column":20},"end":{"line":178,"column":34}},"67":{"start":{"line":179,"column":18},"end":{"line":179,"column":26}},"68":{"start":{"line":180,"column":20},"end":{"line":182,"column":45}},"69":{"start":{"line":183,"column":4},"end":{"line":190,"column":5}},"70":{"start":{"line":184,"column":18},"end":{"line":184,"column":43}},"71":{"start":{"line":185,"column":6},"end":{"line":185,"column":54}},"72":{"start":{"line":186,"column":6},"end":{"line":186,"column":39}},"73":{"start":{"line":188,"column":18},"end":{"line":188,"column":45}},"74":{"start":{"line":189,"column":6},"end":{"line":189,"column":39}},"75":{"start":{"line":192,"column":4},"end":{"line":192,"column":14}},"76":{"start":{"line":201,"column":0},"end":{"line":217,"column":3}},"77":{"start":{"line":206,"column":18},"end":{"line":206,"column":32}},"78":{"start":{"line":207,"column":18},"end":{"line":209,"column":43}},"79":{"start":{"line":210,"column":2},"end":{"line":216,"column":3}},"80":{"start":{"line":211,"column":14},"end":{"line":211,"column":37}},"81":{"start":{"line":212,"column":4},"end":{"line":212,"column":14}},"82":{"start":{"line":214,"column":16},"end":{"line":214,"column":43}},"83":{"start":{"line":215,"column":4},"end":{"line":215,"column":20}},"84":{"start":{"line":222,"column":0},"end":{"line":225,"column":3}},"85":{"start":{"line":223,"column":2},"end":{"line":223,"column":42}},"86":{"start":{"line":224,"column":2},"end":{"line":224,"column":33}},"87":{"start":{"line":229,"column":0},"end":{"line":235,"column":3}},"88":{"start":{"line":230,"column":2},"end":{"line":230,"column":32}},"89":{"start":{"line":232,"column":2},"end":{"line":234,"column":5}},"90":{"start":{"line":239,"column":0},"end":{"line":254,"column":3}},"91":{"start":{"line":241,"column":2},"end":{"line":245,"column":3}},"92":{"start":{"line":243,"column":4},"end":{"line":243,"column":25}},"93":{"start":{"line":244,"column":4},"end":{"line":244,"column":20}},"94":{"start":{"line":247,"column":2},"end":{"line":247,"column":52}},"95":{"start":{"line":249,"column":2},"end":{"line":249,"column":25}},"96":{"start":{"line":251,"column":2},"end":{"line":253,"column":5}},"97":{"start":{"line":252,"column":4},"end":{"line":252,"column":75}},"98":{"start":{"line":256,"column":0},"end":{"line":256,"column":21}}},"fnMap":{"0":{"name":"(anonymous_0)","decl":{"start":{"line":43,"column":38},"end":{"line":43,"column":39}},"loc":{"start":{"line":43,"column":69},"end":{"line":53,"column":1}},"line":43},"1":{"name":"(anonymous_1)","decl":{"start":{"line":58,"column":34},"end":{"line":58,"column":35}},"loc":{"start":{"line":58,"column":65},"end":{"line":68,"column":1}},"line":58},"2":{"name":"(anonymous_2)","decl":{"start":{"line":77,"column":39},"end":{"line":77,"column":40}},"loc":{"start":{"line":77,"column":70},"end":{"line":117,"column":1}},"line":77},"3":{"name":"(anonymous_3)","decl":{"start":{"line":123,"column":41},"end":{"line":123,"column":42}},"loc":{"start":{"line":123,"column":72},"end":{"line":134,"column":1}},"line":123},"4":{"name":"(anonymous_4)","decl":{"start":{"line":140,"column":37},"end":{"line":140,"column":38}},"loc":{"start":{"line":140,"column":68},"end":{"line":151,"column":1}},"line":140},"5":{"name":"(anonymous_5)","decl":{"start":{"line":157,"column":26},"end":{"line":157,"column":27}},"loc":{"start":{"line":157,"column":57},"end":{"line":164,"column":1}},"line":157},"6":{"name":"(anonymous_6)","decl":{"start":{"line":172,"column":62},"end":{"line":172,"column":63}},"loc":{"start":{"line":176,"column":2},"end":{"line":194,"column":1}},"line":176},"7":{"name":"(anonymous_7)","decl":{"start":{"line":201,"column":60},"end":{"line":201,"column":61}},"loc":{"start":{"line":205,"column":2},"end":{"line":217,"column":1}},"line":205},"8":{"name":"(anonymous_8)","decl":{"start":{"line":222,"column":32},"end":{"line":222,"column":33}},"loc":{"start":{"line":222,"column":38},"end":{"line":225,"column":1}},"line":222},"9":{"name":"(anonymous_9)","decl":{"start":{"line":229,"column":8},"end":{"line":229,"column":9}},"loc":{"start":{"line":229,"column":38},"end":{"line":235,"column":1}},"line":229},"10":{"name":"(anonymous_10)","decl":{"start":{"line":239,"column":14},"end":{"line":239,"column":15}},"loc":{"start":{"line":239,"column":30},"end":{"line":254,"column":1}},"line":239},"11":{"name":"(anonymous_11)","decl":{"start":{"line":251,"column":19},"end":{"line":251,"column":20}},"loc":{"start":{"line":251,"column":30},"end":{"line":253,"column":3}},"line":251}},"branchMap":{"0":{"loc":{"start":{"line":87,"column":4},"end":{"line":90,"column":30}},"type":"binary-expr","locations":[{"start":{"line":87,"column":4},"end":{"line":87,"column":28}},{"start":{"line":88,"column":4},"end":{"line":88,"column":28}},{"start":{"line":89,"column":4},"end":{"line":89,"column":30}},{"start":{"line":90,"column":4},"end":{"line":90,"column":30}}],"line":87},"1":{"loc":{"start":{"line":96,"column":2},"end":{"line":103,"column":3}},"type":"if","locations":[{"start":{"line":96,"column":2},"end":{"line":103,"column":3}},{"start":{"line":96,"column":2},"end":{"line":103,"column":3}}],"line":96},"2":{"loc":{"start":{"line":96,"column":6},"end":{"line":96,"column":39}},"type":"binary-expr","locations":[{"start":{"line":96,"column":6},"end":{"line":96,"column":26}},{"start":{"line":96,"column":30},"end":{"line":96,"column":39}}],"line":96},"3":{"loc":{"start":{"line":104,"column":2},"end":{"line":116,"column":3}},"type":"if","locations":[{"start":{"line":104,"column":2},"end":{"line":116,"column":3}},{"start":{"line":104,"column":2},"end":{"line":116,"column":3}}],"line":104},"4":{"loc":{"start":{"line":104,"column":6},"end":{"line":104,"column":40}},"type":"binary-expr","locations":[{"start":{"line":104,"column":6},"end":{"line":104,"column":26}},{"start":{"line":104,"column":30},"end":{"line":104,"column":40}}],"line":104},"5":{"loc":{"start":{"line":183,"column":4},"end":{"line":190,"column":5}},"type":"if","locations":[{"start":{"line":183,"column":4},"end":{"line":190,"column":5}},{"start":{"line":183,"column":4},"end":{"line":190,"column":5}}],"line":183},"6":{"loc":{"start":{"line":210,"column":2},"end":{"line":216,"column":3}},"type":"if","locations":[{"start":{"line":210,"column":2},"end":{"line":216,"column":3}},{"start":{"line":210,"column":2},"end":{"line":216,"column":3}}],"line":210},"7":{"loc":{"start":{"line":230,"column":13},"end":{"line":230,"column":30}},"type":"binary-expr","locations":[{"start":{"line":230,"column":13},"end":{"line":230,"column":23}},{"start":{"line":230,"column":27},"end":{"line":230,"column":30}}],"line":230},"8":{"loc":{"start":{"line":241,"column":2},"end":{"line":245,"column":3}},"type":"if","locations":[{"start":{"line":241,"column":2},"end":{"line":245,"column":3}},{"start":{"line":241,"column":2},"end":{"line":245,"column":3}}],"line":241}},"s":{"0":1,"1":1,"2":1,"3":1,"4":1,"5":1,"6":1,"7":1,"8":1,"9":1,"10":1,"11":1,"12":1,"13":1,"14":1,"15":1,"16":1,"17":1,"18":1,"19":1,"20":1,"21":1,"22":1,"23":0,"24":0,"25":0,"26":0,"27":1,"28":0,"29":0,"30":0,"31":0,"32":1,"33":0,"34":0,"35":0,"36":0,"37":0,"38":0,"39":0,"40":0,"41":0,"42":0,"43":0,"44":0,"45":0,"46":0,"47":1,"48":0,"49":0,"50":0,"51":0,"52":0,"53":1,"54":0,"55":0,"56":0,"57":0,"58":0,"59":1,"60":0,"61":0,"62":0,"63":0,"64":1,"65":1,"66":1,"67":1,"68":1,"69":1,"70":0,"71":0,"72":0,"73":1,"74":1,"75":0,"76":1,"77":0,"78":0,"79":0,"80":0,"81":0,"82":0,"83":0,"84":1,"85":0,"86":0,"87":1,"88":0,"89":0,"90":1,"91":1,"92":0,"93":0,"94":1,"95":1,"96":1,"97":1,"98":1},"f":{"0":0,"1":0,"2":0,"3":0,"4":0,"5":0,"6":1,"7":0,"8":0,"9":0,"10":1,"11":1},"b":{"0":[0,0,0,0],"1":[0,0],"2":[0,0],"3":[0,0],"4":[0,0],"5":[0,1],"6":[0,0],"7":[0,0],"8":[0,1]},"_coverageSchema":"43e27e138ebf9cfc5966b082cf9a028302ed4184","hash":"9e68478a5fbee2811a9a5e47895f98b2eb6fbce6"}
,"/Users/lindadaignault/Documents/coding/career/portfolio-projects/courtside-counter/backend/config.js": {"path":"/Users/lindadaignault/Documents/coding/career/portfolio-projects/courtside-counter/backend/config.js","statementMap":{"0":{"start":{"line":3,"column":0},"end":{"line":3,"column":27}},"1":{"start":{"line":5,"column":15},"end":{"line":5,"column":47}},"2":{"start":{"line":7,"column":13},"end":{"line":7,"column":38}},"3":{"start":{"line":9,"column":16},"end":{"line":9,"column":45}},"4":{"start":{"line":13,"column":0},"end":{"line":17,"column":1}},"5":{"start":{"line":14,"column":2},"end":{"line":14,"column":33}},"6":{"start":{"line":16,"column":2},"end":{"line":16,"column":56}},"7":{"start":{"line":20,"column":0},"end":{"line":25,"column":2}}},"fnMap":{},"branchMap":{"0":{"loc":{"start":{"line":5,"column":15},"end":{"line":5,"column":47}},"type":"binary-expr","locations":[{"start":{"line":5,"column":15},"end":{"line":5,"column":37}},{"start":{"line":5,"column":41},"end":{"line":5,"column":47}}],"line":5},"1":{"loc":{"start":{"line":7,"column":13},"end":{"line":7,"column":38}},"type":"binary-expr","locations":[{"start":{"line":7,"column":13},"end":{"line":7,"column":30}},{"start":{"line":7,"column":34},"end":{"line":7,"column":38}}],"line":7},"2":{"loc":{"start":{"line":9,"column":16},"end":{"line":9,"column":45}},"type":"binary-expr","locations":[{"start":{"line":9,"column":16},"end":{"line":9,"column":36}},{"start":{"line":9,"column":40},"end":{"line":9,"column":45}}],"line":9},"3":{"loc":{"start":{"line":13,"column":0},"end":{"line":17,"column":1}},"type":"if","locations":[{"start":{"line":13,"column":0},"end":{"line":17,"column":1}},{"start":{"line":13,"column":0},"end":{"line":17,"column":1}}],"line":13},"4":{"loc":{"start":{"line":16,"column":12},"end":{"line":16,"column":55}},"type":"binary-expr","locations":[{"start":{"line":16,"column":12},"end":{"line":16,"column":36}},{"start":{"line":16,"column":40},"end":{"line":16,"column":55}}],"line":16}},"s":{"0":1,"1":1,"2":1,"3":1,"4":1,"5":1,"6":0,"7":1},"f":{},"b":{"0":[1,1],"1":[1,0],"2":[1,1],"3":[1,0],"4":[0,0]},"_coverageSchema":"43e27e138ebf9cfc5966b082cf9a028302ed4184","hash":"81dad490b6d548317fa057cfcd649fb81b2f5108"}
,"/Users/lindadaignault/Documents/coding/career/portfolio-projects/courtside-counter/backend/errors.js": {"path":"/Users/lindadaignault/Documents/coding/career/portfolio-projects/courtside-counter/backend/errors.js","statementMap":{"0":{"start":{"line":7,"column":4},"end":{"line":7,"column":12}},"1":{"start":{"line":9,"column":4},"end":{"line":9,"column":52}},"2":{"start":{"line":11,"column":4},"end":{"line":11,"column":38}},"3":{"start":{"line":13,"column":4},"end":{"line":13,"column":72}},"4":{"start":{"line":15,"column":4},"end":{"line":15,"column":32}},"5":{"start":{"line":22,"column":4},"end":{"line":22,"column":60}},"6":{"start":{"line":30,"column":4},"end":{"line":30,"column":56}},"7":{"start":{"line":34,"column":0},"end":{"line":34,"column":61}}},"fnMap":{"0":{"name":"(anonymous_0)","decl":{"start":{"line":6,"column":2},"end":{"line":6,"column":3}},"loc":{"start":{"line":6,"column":31},"end":{"line":16,"column":3}},"line":6},"1":{"name":"(anonymous_1)","decl":{"start":{"line":21,"column":2},"end":{"line":21,"column":3}},"loc":{"start":{"line":21,"column":23},"end":{"line":23,"column":3}},"line":21},"2":{"name":"(anonymous_2)","decl":{"start":{"line":28,"column":2},"end":{"line":28,"column":3}},"loc":{"start":{"line":28,"column":23},"end":{"line":31,"column":3}},"line":28}},"branchMap":{"0":{"loc":{"start":{"line":13,"column":19},"end":{"line":13,"column":71}},"type":"binary-expr","locations":[{"start":{"line":13,"column":19},"end":{"line":13,"column":26}},{"start":{"line":13,"column":30},"end":{"line":13,"column":71}}],"line":13},"1":{"loc":{"start":{"line":15,"column":18},"end":{"line":15,"column":31}},"type":"binary-expr","locations":[{"start":{"line":15,"column":18},"end":{"line":15,"column":24}},{"start":{"line":15,"column":28},"end":{"line":15,"column":31}}],"line":15},"2":{"loc":{"start":{"line":22,"column":10},"end":{"line":22,"column":53}},"type":"binary-expr","locations":[{"start":{"line":22,"column":10},"end":{"line":22,"column":17}},{"start":{"line":22,"column":21},"end":{"line":22,"column":53}}],"line":22},"3":{"loc":{"start":{"line":30,"column":10},"end":{"line":30,"column":49}},"type":"binary-expr","locations":[{"start":{"line":30,"column":10},"end":{"line":30,"column":17}},{"start":{"line":30,"column":21},"end":{"line":30,"column":49}}],"line":30}},"s":{"0":0,"1":0,"2":0,"3":0,"4":0,"5":0,"6":0,"7":1},"f":{"0":0,"1":0,"2":0},"b":{"0":[0,0],"1":[0,0],"2":[0,0],"3":[0,0]},"_coverageSchema":"43e27e138ebf9cfc5966b082cf9a028302ed4184","hash":"3626f88ac82a8d6065ec06533f8de7884c1e695b"}
,"/Users/lindadaignault/Documents/coding/career/portfolio-projects/courtside-counter/backend/helpers/getDistanceInMi.js": {"path":"/Users/lindadaignault/Documents/coding/career/portfolio-projects/courtside-counter/backend/helpers/getDistanceInMi.js","statementMap":{"0":{"start":{"line":4,"column":10},"end":{"line":4,"column":16}},"1":{"start":{"line":5,"column":13},"end":{"line":5,"column":34}},"2":{"start":{"line":6,"column":13},"end":{"line":6,"column":34}},"3":{"start":{"line":8,"column":4},"end":{"line":12,"column":24}},"4":{"start":{"line":13,"column":10},"end":{"line":13,"column":56}},"5":{"start":{"line":14,"column":10},"end":{"line":14,"column":15}},"6":{"start":{"line":15,"column":2},"end":{"line":15,"column":11}},"7":{"start":{"line":20,"column":2},"end":{"line":20,"column":31}},"8":{"start":{"line":23,"column":0},"end":{"line":23,"column":40}}},"fnMap":{"0":{"name":"getDistanceInMiles","decl":{"start":{"line":3,"column":9},"end":{"line":3,"column":27}},"loc":{"start":{"line":3,"column":52},"end":{"line":16,"column":1}},"line":3},"1":{"name":"degTorad","decl":{"start":{"line":19,"column":9},"end":{"line":19,"column":17}},"loc":{"start":{"line":19,"column":23},"end":{"line":21,"column":1}},"line":19}},"branchMap":{},"s":{"0":0,"1":0,"2":0,"3":0,"4":0,"5":0,"6":0,"7":0,"8":1},"f":{"0":0,"1":0},"b":{},"_coverageSchema":"43e27e138ebf9cfc5966b082cf9a028302ed4184","hash":"d1f81a4b50782376fab6c48c5c2424e0490ee9cd"}
,"/Users/lindadaignault/Documents/coding/career/portfolio-projects/courtside-counter/backend/middleware/authenticateUser.js": {"path":"/Users/lindadaignault/Documents/coding/career/portfolio-projects/courtside-counter/backend/middleware/authenticateUser.js","statementMap":{"0":{"start":{"line":3,"column":12},"end":{"line":3,"column":35}},"1":{"start":{"line":4,"column":19},"end":{"line":4,"column":42}},"2":{"start":{"line":15,"column":2},"end":{"line":23,"column":3}},"3":{"start":{"line":16,"column":21},"end":{"line":16,"column":56}},"4":{"start":{"line":17,"column":16},"end":{"line":17,"column":44}},"5":{"start":{"line":18,"column":4},"end":{"line":18,"column":26}},"6":{"start":{"line":19,"column":4},"end":{"line":19,"column":28}},"7":{"start":{"line":20,"column":4},"end":{"line":20,"column":18}},"8":{"start":{"line":22,"column":4},"end":{"line":22,"column":21}},"9":{"start":{"line":26,"column":0},"end":{"line":28,"column":2}}},"fnMap":{"0":{"name":"authenticateUser","decl":{"start":{"line":14,"column":9},"end":{"line":14,"column":25}},"loc":{"start":{"line":14,"column":42},"end":{"line":24,"column":1}},"line":14}},"branchMap":{"0":{"loc":{"start":{"line":16,"column":21},"end":{"line":16,"column":56}},"type":"binary-expr","locations":[{"start":{"line":16,"column":21},"end":{"line":16,"column":36}},{"start":{"line":16,"column":40},"end":{"line":16,"column":56}}],"line":16}},"s":{"0":1,"1":1,"2":0,"3":0,"4":0,"5":0,"6":0,"7":0,"8":0,"9":1},"f":{"0":0},"b":{"0":[0,0]},"_coverageSchema":"43e27e138ebf9cfc5966b082cf9a028302ed4184","hash":"273088c766a6cc1ecc8e7477d58eb9716001764c"}
,"/Users/lindadaignault/Documents/coding/career/portfolio-projects/courtside-counter/backend/middleware/validateJSONSchema.js": {"path":"/Users/lindadaignault/Documents/coding/career/portfolio-projects/courtside-counter/backend/middleware/validateJSONSchema.js","statementMap":{"0":{"start":{"line":1,"column":21},"end":{"line":1,"column":42}},"1":{"start":{"line":5,"column":2},"end":{"line":11,"column":4}},"2":{"start":{"line":6,"column":19},"end":{"line":6,"column":49}},"3":{"start":{"line":7,"column":4},"end":{"line":9,"column":5}},"4":{"start":{"line":8,"column":6},"end":{"line":8,"column":52}},"5":{"start":{"line":8,"column":38},"end":{"line":8,"column":49}},"6":{"start":{"line":10,"column":4},"end":{"line":10,"column":11}},"7":{"start":{"line":14,"column":0},"end":{"line":14,"column":36}}},"fnMap":{"0":{"name":"validateJSONSchema","decl":{"start":{"line":4,"column":9},"end":{"line":4,"column":27}},"loc":{"start":{"line":4,"column":40},"end":{"line":12,"column":1}},"line":4},"1":{"name":"(anonymous_1)","decl":{"start":{"line":5,"column":9},"end":{"line":5,"column":10}},"loc":{"start":{"line":5,"column":34},"end":{"line":11,"column":3}},"line":5},"2":{"name":"(anonymous_2)","decl":{"start":{"line":8,"column":29},"end":{"line":8,"column":30}},"loc":{"start":{"line":8,"column":38},"end":{"line":8,"column":49}},"line":8}},"branchMap":{"0":{"loc":{"start":{"line":7,"column":4},"end":{"line":9,"column":5}},"type":"if","locations":[{"start":{"line":7,"column":4},"end":{"line":9,"column":5}},{"start":{"line":7,"column":4},"end":{"line":9,"column":5}}],"line":7}},"s":{"0":1,"1":2,"2":1,"3":1,"4":0,"5":0,"6":1,"7":1},"f":{"0":2,"1":1,"2":0},"b":{"0":[0,1]},"_coverageSchema":"43e27e138ebf9cfc5966b082cf9a028302ed4184","hash":"2e9f54ed8123ee26c46bb46744b235af85a735d2"}
,"/Users/lindadaignault/Documents/coding/career/portfolio-projects/courtside-counter/backend/schema/index.js": {"path":"/Users/lindadaignault/Documents/coding/career/portfolio-projects/courtside-counter/backend/schema/index.js","statementMap":{"0":{"start":{"line":1,"column":0},"end":{"line":1,"column":59}},"1":{"start":{"line":2,"column":0},"end":{"line":2,"column":57}}},"fnMap":{},"branchMap":{},"s":{"0":1,"1":1},"f":{},"b":{},"_coverageSchema":"43e27e138ebf9cfc5966b082cf9a028302ed4184","hash":"b1bf544fa7d39af6e29066ea3aba8fefc56e79a6"}
}
