TN:
SF:/Users/lindadaignault/Documents/coding/career/portfolio-projects/courtside-counter/backend/DBManager.js
FN:11,(anonymous_0)
FN:22,(anonymous_1)
FN:28,(anonymous_2)
FN:33,(anonymous_3)
FN:34,(anonymous_4)
FNF:5
FNH:3
FNDA:1,(anonymous_0)
FNDA:1,(anonymous_1)
FNDA:1,(anonymous_2)
FNDA:0,(anonymous_3)
FNDA:0,(anonymous_4)
DA:1,1
DA:2,1
DA:5,1
DA:8,1
DA:12,1
DA:13,1
DA:19,1
DA:23,1
DA:24,1
DA:25,1
DA:29,1
DA:30,1
DA:34,0
DA:38,1
LF:14
LH:13
BRF:0
BRH:0
end_of_record
TN:
SF:/Users/lindadaignault/Documents/coding/career/portfolio-projects/courtside-counter/backend/app.js
FN:43,(anonymous_0)
FN:58,(anonymous_1)
FN:77,(anonymous_2)
FN:123,(anonymous_3)
FN:140,(anonymous_4)
FN:157,(anonymous_5)
FN:172,(anonymous_6)
FN:201,(anonymous_7)
FN:222,(anonymous_8)
FN:229,(anonymous_9)
FN:239,(anonymous_10)
FN:251,(anonymous_11)
FNF:12
FNH:3
FNDA:0,(anonymous_0)
FNDA:0,(anonymous_1)
FNDA:0,(anonymous_2)
FNDA:0,(anonymous_3)
FNDA:0,(anonymous_4)
FNDA:0,(anonymous_5)
FNDA:1,(anonymous_6)
FNDA:0,(anonymous_7)
FNDA:0,(anonymous_8)
FNDA:0,(anonymous_9)
FNDA:1,(anonymous_10)
FNDA:1,(anonymous_11)
DA:3,1
DA:4,1
DA:5,1
DA:6,1
DA:7,1
DA:8,1
DA:9,1
DA:10,1
DA:11,1
DA:12,1
DA:13,1
DA:14,1
DA:15,1
DA:16,1
DA:17,1
DA:18,1
DA:19,1
DA:20,1
DA:22,1
DA:23,1
DA:24,1
DA:31,1
DA:43,1
DA:44,0
DA:45,0
DA:49,0
DA:51,0
DA:58,1
DA:59,0
DA:60,0
DA:64,0
DA:66,0
DA:77,1
DA:79,0
DA:87,0
DA:91,0
DA:92,0
DA:96,0
DA:97,0
DA:98,0
DA:99,0
DA:104,0
DA:106,0
DA:107,0
DA:108,0
DA:114,0
DA:115,0
DA:123,1
DA:124,0
DA:125,0
DA:126,0
DA:127,0
DA:132,0
DA:140,1
DA:141,0
DA:142,0
DA:143,0
DA:144,0
DA:149,0
DA:157,1
DA:158,0
DA:159,0
DA:160,0
DA:162,0
DA:172,1
DA:177,1
DA:178,1
DA:179,1
DA:180,1
DA:183,1
DA:184,0
DA:185,0
DA:186,0
DA:188,1
DA:189,1
DA:192,0
DA:201,1
DA:206,0
DA:207,0
DA:210,0
DA:211,0
DA:212,0
DA:214,0
DA:215,0
DA:222,1
DA:223,0
DA:224,0
DA:229,1
DA:230,0
DA:232,0
DA:239,1
DA:241,1
DA:243,0
DA:244,0
DA:247,1
DA:249,1
DA:251,1
DA:252,1
DA:256,1
LF:99
LH:46
BRDA:87,0,0,0
BRDA:87,0,1,0
BRDA:87,0,2,0
BRDA:87,0,3,0
BRDA:96,1,0,0
BRDA:96,1,1,0
BRDA:96,2,0,0
BRDA:96,2,1,0
BRDA:104,3,0,0
BRDA:104,3,1,0
BRDA:104,4,0,0
BRDA:104,4,1,0
BRDA:183,5,0,0
BRDA:183,5,1,1
BRDA:210,6,0,0
BRDA:210,6,1,0
BRDA:230,7,0,0
BRDA:230,7,1,0
BRDA:241,8,0,0
BRDA:241,8,1,1
BRF:20
BRH:2
end_of_record
TN:
SF:/Users/lindadaignault/Documents/coding/career/portfolio-projects/courtside-counter/backend/config.js
FNF:0
FNH:0
DA:3,1
DA:5,1
DA:7,1
DA:9,1
DA:13,1
DA:14,1
DA:16,0
DA:20,1
LF:8
LH:7
BRDA:5,0,0,1
BRDA:5,0,1,1
BRDA:7,1,0,1
BRDA:7,1,1,0
BRDA:9,2,0,1
BRDA:9,2,1,1
BRDA:13,3,0,1
BRDA:13,3,1,0
BRDA:16,4,0,0
BRDA:16,4,1,0
BRF:10
BRH:6
end_of_record
TN:
SF:/Users/lindadaignault/Documents/coding/career/portfolio-projects/courtside-counter/backend/errors.js
FN:6,(anonymous_0)
FN:21,(anonymous_1)
FN:28,(anonymous_2)
FNF:3
FNH:0
FNDA:0,(anonymous_0)
FNDA:0,(anonymous_1)
FNDA:0,(anonymous_2)
DA:7,0
DA:9,0
DA:11,0
DA:13,0
DA:15,0
DA:22,0
DA:30,0
DA:34,1
LF:8
LH:1
BRDA:13,0,0,0
BRDA:13,0,1,0
BRDA:15,1,0,0
BRDA:15,1,1,0
BRDA:22,2,0,0
BRDA:22,2,1,0
BRDA:30,3,0,0
BRDA:30,3,1,0
BRF:8
BRH:0
end_of_record
TN:
SF:/Users/lindadaignault/Documents/coding/career/portfolio-projects/courtside-counter/backend/helpers/getDistanceInMi.js
FN:3,getDistanceInMiles
FN:19,degTorad
FNF:2
FNH:0
FNDA:0,getDistanceInMiles
FNDA:0,degTorad
DA:4,0
DA:5,0
DA:6,0
DA:8,0
DA:13,0
DA:14,0
DA:15,0
DA:20,0
DA:23,1
LF:9
LH:1
BRF:0
BRH:0
end_of_record
TN:
SF:/Users/lindadaignault/Documents/coding/career/portfolio-projects/courtside-counter/backend/middleware/authenticateUser.js
FN:14,authenticateUser
FNF:1
FNH:0
FNDA:0,authenticateUser
DA:3,1
DA:4,1
DA:15,0
DA:16,0
DA:17,0
DA:18,0
DA:19,0
DA:20,0
DA:22,0
DA:26,1
LF:10
LH:3
BRDA:16,0,0,0
BRDA:16,0,1,0
BRF:2
BRH:0
end_of_record
TN:
SF:/Users/lindadaignault/Documents/coding/career/portfolio-projects/courtside-counter/backend/middleware/validateJSONSchema.js
FN:4,validateJSONSchema
FN:5,(anonymous_1)
FN:8,(anonymous_2)
FNF:3
FNH:2
FNDA:2,validateJSONSchema
FNDA:1,(anonymous_1)
FNDA:0,(anonymous_2)
DA:1,1
DA:5,2
DA:6,1
DA:7,1
DA:8,0
DA:10,1
DA:14,1
LF:7
LH:6
BRDA:7,0,0,0
BRDA:7,0,1,1
BRF:2
BRH:1
end_of_record
TN:
SF:/Users/lindadaignault/Documents/coding/career/portfolio-projects/courtside-counter/backend/schema/index.js
FNF:0
FNH:0
DA:1,1
DA:2,1
LF:2
LH:2
BRF:0
BRH:0
end_of_record
